<?xml version="1.0" encoding="UTF-8"?><TestSessionContainer xmlns="http://www.codecover.org/xml/testsession-container" Date="1417046472916" TestSessionContainerId="bb5dc2b4-aefc-4d2d-9af0-0c44dc2e7345" version="1.0">
<SrcFileList>
<SrcFile Content="package com.mloftus.mastermind;&#13;&#10;&#13;&#10;import org.junit.runner.RunWith;&#13;&#10;import org.junit.runners.Suite;&#13;&#10;import org.junit.runners.Suite.SuiteClasses;&#13;&#10;&#13;&#10;@RunWith(Suite.class)&#13;&#10;@SuiteClasses({ TestMastermindGuessParser.class, TestMastermindLogic.class })&#13;&#10;public class RunAllMastermindTests {&#13;&#10;&#13;&#10;}&#13;&#10;" Filename="RunAllMastermindTests.java" Intrnl_Id="1"/>
<SrcFile Content="package com.mloftus.mastermind;&#13;&#10;&#13;&#10;public class MastermindMessages {&#13;&#10;&#13;&#10;&#9;public static void printUsageMessage() {&#13;&#10;&#9;&#9;System.out.println(&quot;Usage:  java MastermindGame &lt;codeLength&gt;&quot;);&#13;&#10;&#9;&#9;System.out.println(&quot;Valid code lengths are numbers from 3 to 6&quot;);&#13;&#10;&#9;}&#13;&#10;&#9;&#13;&#10;&#9;public static void printWelcomeMessage(Integer codeLength, Integer maxGuesses) {&#13;&#10;&#9;&#9;System.out.println(&quot;Welcome to Mastermind.&quot;);&#13;&#10;&#9;&#9;System.out.println(String.format(&quot;Your secret code is %s digits in length.  You have %s guesses.  Good luck!\n&quot;, codeLength, maxGuesses));&#13;&#10;&#9;}&#13;&#10;&#13;&#10;&#9;public static void printGuessHelpStatement(Integer codeLength) {&#13;&#10;&#9;&#9;System.out.println(String.format(&quot;Your guess must be a %s digit number with no duplicate digits.&quot;, codeLength));&#13;&#10;&#9;}&#13;&#10;&#13;&#10;&#9;public static void printWinningStatement(Integer numberOfGuesses, String gameCode) {&#13;&#10;&#9;&#9;System.out.println(String.format(&quot;You win!!  %s guesses.  Code is: %s&quot;, numberOfGuesses, gameCode));&#13;&#10;&#9;}&#13;&#10;&#13;&#10;&#9;public static void printGuessResultStatement(Integer digitMatches, Integer LocationMatches) {&#13;&#10;&#9;&#9;System.out.println(String.format(&quot;%s correct digits.  %s correct locations.\n&quot;, digitMatches, LocationMatches));&#13;&#10;&#9;}&#13;&#10;&#13;&#10;&#9;public static void printGameOverStatement(String gameCode) {&#13;&#10;&#9;&#9;System.out.println(String.format(&quot;Out of guesses.  Game over.  Code is %s&quot;, gameCode));&#13;&#10;&#9;}&#13;&#10;}&#13;&#10;" Filename="MastermindMessages.java" Intrnl_Id="2"/>
<SrcFile Content="package com.mloftus.mastermind;&#13;&#10;&#13;&#10;import java.util.*;&#13;&#10;&#13;&#10;public class MastermindLogic {&#13;&#10;&#13;&#10;&#9;private List&lt;Integer&gt; code;&#13;&#10;&#9;private List&lt;Integer&gt; guess;&#13;&#10;&#9;private MastermindGuessValidator guessValidator;&#13;&#10;&#9;&#13;&#10;&#9;public MastermindLogic() {&#13;&#10;&#9;&#9;&#13;&#10;&#9;}&#13;&#10;&#9;&#13;&#10;&#9;public MastermindLogic(Integer codeLength) {&#13;&#10;&#9;&#9;generateCode(codeLength);&#13;&#10;&#9;&#9;guessValidator = new MastermindGuessValidator(codeLength);&#13;&#10;&#9;}&#13;&#10;&#13;&#10;&#9;public void generateCode(int codeLength) {&#13;&#10;&#9;&#9;this.code = new ArrayList&lt;Integer&gt;(codeLength);&#13;&#10;&#9;&#9;while (this.code.size() &lt; codeLength){&#13;&#10;&#9;&#9;&#9;Random random = new Random();&#13;&#10;&#9;&#9;&#9;int randomNumber = random.nextInt(9 - 1) + 1;&#13;&#10;&#9;&#9;&#9;if (! this.code.contains(randomNumber)) {&#13;&#10;&#9;&#9;&#9;&#9;this.code.add(randomNumber);&#13;&#10;&#9;&#9;&#9;}&#13;&#10;&#9;&#9;}&#13;&#10;&#9;}&#13;&#10;&#13;&#10;&#9;public void setCode(String code) {&#13;&#10;&#9;&#9;this.code = convertStringToArrayList(code);&#13;&#10;&#9;}&#13;&#10;&#13;&#10;&#9;public boolean guessIsValid(String guess) {&#13;&#10;&#9;&#9;return guessValidator.guessIsValid(guess);&#13;&#10;&#9;}&#13;&#10;&#13;&#10;&#9;public boolean guessMatchesCode(String myGuess) {&#13;&#10;&#9;&#9;this.guess = convertStringToArrayList(myGuess);&#13;&#10;&#9;&#9;return (getDigitMatches() == code.size() &amp;&amp; getLocationMatches() == code.size());&#13;&#10;&#9;}&#13;&#10;&#13;&#10;&#9;private List&lt;Integer&gt; convertStringToArrayList(String inString) {&#13;&#10;&#9;&#9;List&lt;Integer&gt; result = new ArrayList&lt;Integer&gt;(inString.length());&#13;&#10;&#9;&#9;for (int i=0;i&lt;inString.length();i++){&#13;&#10;&#9;&#9;&#9;result.add(Integer.parseInt(inString.substring(i, i+1)));&#13;&#10;&#9;&#9;}&#13;&#10;&#9;&#9;return result;&#13;&#10;&#9;}&#13;&#10;&#9;&#13;&#10;&#9;public String getCode() {&#13;&#10;&#9;&#9;return String.format(&quot;%s%s%s%s&quot;, code.toArray());&#13;&#10;&#9;}&#13;&#10;&#13;&#10;&#9;public int getDigitMatches() {&#13;&#10;&#9;&#9;int matches = 0;&#13;&#10;&#9;&#9;for (Integer codeDigit : code) {&#13;&#10;&#9;&#9;&#9;for (Integer guessDigit : guess) {&#13;&#10;&#9;&#9;&#9;&#9;if (codeDigit == guessDigit)&#13;&#10;&#9;&#9;&#9;&#9;&#9;matches++;&#13;&#10;&#9;&#9;&#9;}&#13;&#10;&#9;&#9;}&#13;&#10;&#9;&#9;return matches;&#13;&#10;&#9;}&#13;&#10;&#13;&#10;&#9;public int getLocationMatches() {&#13;&#10;&#9;&#9;int matches = 0;&#13;&#10;&#9;&#9;for (int i=0;i&lt;code.size();i++) {&#13;&#10;&#9;&#9;&#9;if(guess.get(i) == code.get(i))&#13;&#10;&#9;&#9;&#9;&#9;matches++;&#13;&#10;&#9;&#9;}&#13;&#10;&#9;&#9;return matches;&#13;&#10;&#9;}&#13;&#10;&#13;&#10;}&#13;&#10;" Filename="MastermindLogic.java" Intrnl_Id="3"/>
<SrcFile Content="package com.mloftus.mastermind;&#13;&#10;&#13;&#10;public class MastermindGuessValidator {&#13;&#10;&#9;&#13;&#10;&#9;private int codeLength;&#13;&#10;&#13;&#10;&#9;public MastermindGuessValidator(int codeLength) {&#13;&#10;&#9;&#9;this.codeLength = codeLength;&#13;&#10;&#9;}&#13;&#10;&#13;&#10;&#9;public boolean guessIsValid(String guess) {&#13;&#10;&#9;&#9;return lengthIsCorrect(guess, codeLength) &amp;&amp; isNumeric(guess) &amp;&amp; hasNoRepeatDigits(guess);&#13;&#10;&#9;}&#13;&#10;&#13;&#10;&#9;private boolean lengthIsCorrect(String guess, int codeLength) {&#13;&#10;&#9;&#9;return guess.length() == codeLength;&#13;&#10;&#9;}&#13;&#10;&#13;&#10;&#9;private boolean isNumeric(String guess) {&#13;&#10;&#9;&#9;char[] guessChars = guess.toCharArray();&#13;&#10;&#9;&#9;for(char digitChar : guessChars){&#13;&#10;&#9;&#9;&#9;try {&#13;&#10;&#9;&#9;&#9;&#9;Integer.parseInt(String.valueOf(digitChar));&#13;&#10;&#9;&#9;&#9;} catch (NumberFormatException e) {&#13;&#10;&#9;&#9;&#9;&#9;return false;&#13;&#10;&#9;&#9;&#9;}&#13;&#10;&#9;&#9;}&#13;&#10;&#9;&#9;return true;&#13;&#10;&#9;}&#13;&#10;&#13;&#10;&#9;private boolean hasNoRepeatDigits(String guess) {&#13;&#10;&#9;&#9;char[] charsInGuess = guess.toCharArray();&#13;&#10;&#9;&#9;char[] checkedChars = new char[guess.length()];&#13;&#10;&#9;&#9;for (int i=0;i&lt;charsInGuess.length;i++){&#13;&#10;&#9;&#9;&#9;for (char checked : checkedChars) {&#13;&#10;&#9;&#9;&#9;&#9;if (checked == charsInGuess[i])&#13;&#10;&#9;&#9;&#9;&#9;&#9;return false;&#13;&#10;&#9;&#9;&#9;}&#13;&#10;&#9;&#9;&#9;checkedChars[i] = charsInGuess[i];&#13;&#10;&#9;&#9;}&#13;&#10;&#9;&#9;return true;&#13;&#10;&#9;}&#13;&#10;&#13;&#10;}&#13;&#10;" Filename="MastermindGuessValidator.java" Intrnl_Id="4"/>
<SrcFile Content="package com.mloftus.mastermind;&#13;&#10;&#13;&#10;import java.io.BufferedReader;&#13;&#10;import java.io.IOException;&#13;&#10;import java.io.InputStreamReader;&#13;&#10;&#13;&#10;import javax.naming.ConfigurationException;&#13;&#10;&#13;&#10;public class MastermindGame {&#13;&#10;&#13;&#10;&#9;private Integer codeLength = 4;&#13;&#10;&#9;private Integer maxGuesses = 10;&#13;&#10;&#9;private MastermindLogic game;&#13;&#10;&#9;private Integer numberOfGuesses = 0;&#13;&#10;&#9;&#13;&#10;&#9;public MastermindGame(int codeLength) {&#13;&#10;&#9;&#9;this.codeLength = codeLength;&#13;&#10;&#9;}&#13;&#10;&#13;&#10;&#9;public void play() throws ConfigurationException {&#13;&#10;&#13;&#10;&#9;&#9;configureGame();&#13;&#10;&#9;&#9;&#13;&#10;&#9;&#9;MastermindMessages.printWelcomeMessage(codeLength, maxGuesses);&#13;&#10;&#9;&#9;&#13;&#10;&#9;&#9;while (someGuessesRemain()) {&#13;&#10;&#9;&#9;&#9;askForNextGuess();&#13;&#10;&#9;&#9;&#9;String guess = getGuess();&#13;&#10;&#9;&#9;&#9;if (guessNotValid(guess)) {&#13;&#10;&#9;&#9;&#9;&#9;MastermindMessages.printGuessHelpStatement(codeLength);&#13;&#10;&#9;&#9;&#9;&#9;continue;&#13;&#10;&#9;&#9;&#9;}&#13;&#10;&#9;&#9;&#9;numberOfGuesses++;&#13;&#10;&#9;&#9;&#9;if (isWinningGuess(guess)) {&#13;&#10;&#9;&#9;&#9;&#9;MastermindMessages.printWinningStatement(numberOfGuesses, game.getCode());&#13;&#10;&#9;&#9;&#9;&#9;break;&#13;&#10;&#9;&#9;&#9;} else {&#13;&#10;&#9;&#9;&#9;&#9;MastermindMessages.printGuessResultStatement(game.getDigitMatches(), game.getLocationMatches());&#13;&#10;&#9;&#9;&#9;}&#13;&#10;&#13;&#10;&#9;&#9;}&#13;&#10;&#9;&#9;if (ranOutOfGuesses()) {&#13;&#10;&#9;&#9;&#9;MastermindMessages.printGameOverStatement(game.getCode());&#13;&#10;&#9;&#9;}&#13;&#10;&#13;&#10;&#9;}&#13;&#10;&#13;&#10;&#9;private void configureGame() throws ConfigurationException {&#13;&#10;&#9;&#9;if (codeLength &lt; 3 || codeLength &gt; 6) {&#13;&#10;&#9;&#9;&#9;throw new ConfigurationException(&quot;Code length not valid.&quot;);&#13;&#10;&#9;&#9;}&#13;&#10;&#9;&#9;if (codeLength &gt; 4) {&#13;&#10;&#9;&#9;&#9;maxGuesses = 15;&#13;&#10;&#9;&#9;}&#13;&#10;&#9;&#9;game = new MastermindLogic(codeLength);&#13;&#10;&#9;}&#13;&#10;&#9;&#13;&#10;&#9;private boolean someGuessesRemain() {&#13;&#10;&#9;&#9;return numberOfGuesses  &lt; maxGuesses;&#13;&#10;&#9;}&#13;&#10;&#13;&#10;&#9;private void askForNextGuess() {&#13;&#10;&#9;&#9;System.out.print(String.format(&quot;Your guess? (%s left):&quot;, (maxGuesses - numberOfGuesses)));&#13;&#10;&#9;}&#13;&#10;&#13;&#10;&#9;private String getGuess() {&#13;&#10;&#9;&#9;BufferedReader br = new BufferedReader(new InputStreamReader(System.in));&#13;&#10;&#9;&#9;String guess = null;&#13;&#10;&#9;&#9;try {&#13;&#10;&#9;&#9;&#9;guess = br.readLine();&#13;&#10;&#9;&#9;} catch (IOException e) {&#13;&#10;&#9;&#9;&#9;e.printStackTrace();&#13;&#10;&#9;&#9;}&#13;&#10;&#9;&#9;return guess;&#13;&#10;&#9;}&#13;&#10;&#9;&#13;&#10;&#9;private boolean guessNotValid(String guess) {&#13;&#10;&#9;&#9;return ! game.guessIsValid(guess);&#13;&#10;&#9;}&#13;&#10;&#13;&#10;&#9;private boolean isWinningGuess(String guess) {&#13;&#10;&#9;&#9;return game.guessMatchesCode(guess);&#13;&#10;&#9;}&#13;&#10;&#13;&#10;&#9;private boolean ranOutOfGuesses() {&#13;&#10;&#9;&#9;return ! someGuessesRemain();&#13;&#10;&#9;}&#13;&#10;&#13;&#10;&#9;public static void printUsageMessage() {&#13;&#10;&#9;&#9;MastermindMessages.printUsageMessage();&#13;&#10;&#9;}&#13;&#10;&#13;&#10;}&#13;&#10;" Filename="MastermindGame.java" Intrnl_Id="5"/>
</SrcFileList>
<CritList>
<CritListEntry Name="org.codecover.model.utils.criteria.LoopCoverage" PluginName="org.codecover"/>
<CritListEntry Name="org.codecover.model.utils.criteria.QMOCoverage" PluginName="org.codecover"/>
<CritListEntry Name="org.codecover.model.utils.criteria.ConditionCoverage" PluginName="org.codecover"/>
<CritListEntry Name="org.codecover.model.utils.criteria.BranchCoverage" PluginName="org.codecover"/>
<CritListEntry Name="org.codecover.model.utils.criteria.StatementCoverage" PluginName="org.codecover"/>
</CritList>
<BoolOpList>
<BoolOp Arity="2" Intrnl_Id="6" Name="conditional or (||)">
<BoolAssgnmntBoolMapList>
<MapEntry BoolAssgnmnt="00" Value="false"/>
<MapEntry BoolAssgnmnt="01" Value="true"/>
<MapEntry BoolAssgnmnt="12" Value="true"/>
</BoolAssgnmntBoolMapList>
</BoolOp>
<BoolOp Arity="1" Intrnl_Id="7" Name="not (!)">
<BoolAssgnmntBoolMapList>
<MapEntry BoolAssgnmnt="1" Value="false"/>
<MapEntry BoolAssgnmnt="0" Value="true"/>
</BoolAssgnmntBoolMapList>
</BoolOp>
</BoolOpList>
<HierarchyLvlTypeList>
<HierarchyLvlType EnglishName="package" IntrnlName="package" Intrnl_Id="8"/>
<HierarchyLvlType EnglishName="method" IntrnlName="method" Intrnl_Id="9"/>
<HierarchyLvlType EnglishName="class" IntrnlName="class" Intrnl_Id="10"/>
<HierarchyLvlType EnglishName="default package" IntrnlName="default package" Intrnl_Id="11"/>
</HierarchyLvlTypeList>
<MASTRoot>
<HierarchyLvl HierarchyLvlId="439" HierarchyLvlTypeId="11" Intrnl_Id="12" Name="default package">
<Header/>
<LocList/>
<HierarchyLvl HierarchyLvlId="438" HierarchyLvlTypeId="8" Intrnl_Id="13" Name="com">
<Header/>
<LocList/>
<HierarchyLvl HierarchyLvlId="437" HierarchyLvlTypeId="8" Intrnl_Id="14" Name="mloftus">
<Header/>
<LocList/>
<HierarchyLvl HierarchyLvlId="436" HierarchyLvlTypeId="8" Intrnl_Id="15" Name="mastermind">
<Header/>
<LocList/>
<HierarchyLvl HierarchyLvlId="400" HierarchyLvlTypeId="10" Intrnl_Id="16" Name="RunAllMastermindTests">
<Header>
<Loc EndOffset="286" SrcFileId="1" StartOffset="150"/>
</Header>
<LocList>
<Loc EndOffset="293" SrcFileId="1" StartOffset="150"/>
</LocList>
</HierarchyLvl>
<HierarchyLvl HierarchyLvlId="407" HierarchyLvlTypeId="10" Intrnl_Id="17" Name="MastermindMessages">
<Header>
<Loc EndOffset="66" SrcFileId="2" StartOffset="35"/>
</Header>
<LocList>
<Loc EndOffset="1301" SrcFileId="2" StartOffset="35"/>
</LocList>
<HierarchyLvl HierarchyLvlId="401" HierarchyLvlTypeId="9" Intrnl_Id="18" Name="printUsageMessage">
<Header>
<Loc EndOffset="111" SrcFileId="2" StartOffset="73"/>
</Header>
<LocList>
<Loc EndOffset="253" SrcFileId="2" StartOffset="73"/>
</LocList>
<StmntSeq Intrnl_Id="19">
<LocList>
<Loc EndOffset="180" SrcFileId="2" StartOffset="117"/>
<Loc EndOffset="249" SrcFileId="2" StartOffset="184"/>
</LocList>
<BasicStmnt CovItemId="S1" CovItemPrefix="com.mloftus.mastermind.MastermindMessages.java" Intrnl_Id="20">
<LocList>
<Loc EndOffset="180" SrcFileId="2" StartOffset="117"/>
</LocList>
</BasicStmnt>
<BasicStmnt CovItemId="S2" CovItemPrefix="com.mloftus.mastermind.MastermindMessages.java" Intrnl_Id="21">
<LocList>
<Loc EndOffset="249" SrcFileId="2" StartOffset="184"/>
</LocList>
</BasicStmnt>
</StmntSeq>
</HierarchyLvl>
<HierarchyLvl HierarchyLvlId="402" HierarchyLvlTypeId="9" Intrnl_Id="22" Name="printWelcomeMessage">
<Header>
<Loc EndOffset="337" SrcFileId="2" StartOffset="259"/>
</Header>
<LocList>
<Loc EndOffset="534" SrcFileId="2" StartOffset="259"/>
</LocList>
<StmntSeq Intrnl_Id="23">
<LocList>
<Loc EndOffset="388" SrcFileId="2" StartOffset="343"/>
<Loc EndOffset="530" SrcFileId="2" StartOffset="392"/>
</LocList>
<BasicStmnt CovItemId="S3" CovItemPrefix="com.mloftus.mastermind.MastermindMessages.java" Intrnl_Id="24">
<LocList>
<Loc EndOffset="388" SrcFileId="2" StartOffset="343"/>
</LocList>
</BasicStmnt>
<BasicStmnt CovItemId="S4" CovItemPrefix="com.mloftus.mastermind.MastermindMessages.java" Intrnl_Id="25">
<LocList>
<Loc EndOffset="530" SrcFileId="2" StartOffset="392"/>
</LocList>
</BasicStmnt>
</StmntSeq>
</HierarchyLvl>
<HierarchyLvl HierarchyLvlId="403" HierarchyLvlTypeId="9" Intrnl_Id="26" Name="printGuessHelpStatement">
<Header>
<Loc EndOffset="601" SrcFileId="2" StartOffset="539"/>
</Header>
<LocList>
<Loc EndOffset="723" SrcFileId="2" StartOffset="539"/>
</LocList>
<StmntSeq Intrnl_Id="27">
<LocList>
<Loc EndOffset="719" SrcFileId="2" StartOffset="607"/>
</LocList>
<BasicStmnt CovItemId="S5" CovItemPrefix="com.mloftus.mastermind.MastermindMessages.java" Intrnl_Id="28">
<LocList>
<Loc EndOffset="719" SrcFileId="2" StartOffset="607"/>
</LocList>
</BasicStmnt>
</StmntSeq>
</HierarchyLvl>
<HierarchyLvl HierarchyLvlId="404" HierarchyLvlTypeId="9" Intrnl_Id="29" Name="printWinningStatement">
<Header>
<Loc EndOffset="810" SrcFileId="2" StartOffset="728"/>
</Header>
<LocList>
<Loc EndOffset="920" SrcFileId="2" StartOffset="728"/>
</LocList>
<StmntSeq Intrnl_Id="30">
<LocList>
<Loc EndOffset="916" SrcFileId="2" StartOffset="816"/>
</LocList>
<BasicStmnt CovItemId="S6" CovItemPrefix="com.mloftus.mastermind.MastermindMessages.java" Intrnl_Id="31">
<LocList>
<Loc EndOffset="916" SrcFileId="2" StartOffset="816"/>
</LocList>
</BasicStmnt>
</StmntSeq>
</HierarchyLvl>
<HierarchyLvl HierarchyLvlId="405" HierarchyLvlTypeId="9" Intrnl_Id="32" Name="printGuessResultStatement">
<Header>
<Loc EndOffset="1016" SrcFileId="2" StartOffset="925"/>
</Header>
<LocList>
<Loc EndOffset="1138" SrcFileId="2" StartOffset="925"/>
</LocList>
<StmntSeq Intrnl_Id="33">
<LocList>
<Loc EndOffset="1134" SrcFileId="2" StartOffset="1022"/>
</LocList>
<BasicStmnt CovItemId="S7" CovItemPrefix="com.mloftus.mastermind.MastermindMessages.java" Intrnl_Id="34">
<LocList>
<Loc EndOffset="1134" SrcFileId="2" StartOffset="1022"/>
</LocList>
</BasicStmnt>
</StmntSeq>
</HierarchyLvl>
<HierarchyLvl HierarchyLvlId="406" HierarchyLvlTypeId="9" Intrnl_Id="35" Name="printGameOverStatement">
<Header>
<Loc EndOffset="1201" SrcFileId="2" StartOffset="1143"/>
</Header>
<LocList>
<Loc EndOffset="1298" SrcFileId="2" StartOffset="1143"/>
</LocList>
<StmntSeq Intrnl_Id="36">
<LocList>
<Loc EndOffset="1294" SrcFileId="2" StartOffset="1207"/>
</LocList>
<BasicStmnt CovItemId="S8" CovItemPrefix="com.mloftus.mastermind.MastermindMessages.java" Intrnl_Id="37">
<LocList>
<Loc EndOffset="1294" SrcFileId="2" StartOffset="1207"/>
</LocList>
</BasicStmnt>
</StmntSeq>
</HierarchyLvl>
</HierarchyLvl>
<HierarchyLvl HierarchyLvlId="418" HierarchyLvlTypeId="10" Intrnl_Id="38" Name="MastermindLogic">
<Header>
<Loc EndOffset="86" SrcFileId="3" StartOffset="58"/>
</Header>
<LocList>
<Loc EndOffset="1841" SrcFileId="3" StartOffset="58"/>
</LocList>
<HierarchyLvl HierarchyLvlId="408" HierarchyLvlTypeId="9" Intrnl_Id="39" Name="MastermindLogic">
<Header>
<Loc EndOffset="232" SrcFileId="3" StartOffset="208"/>
</Header>
<LocList>
<Loc EndOffset="242" SrcFileId="3" StartOffset="208"/>
</LocList>
</HierarchyLvl>
<HierarchyLvl HierarchyLvlId="409" HierarchyLvlTypeId="9" Intrnl_Id="40" Name="MastermindLogic">
<Header>
<Loc EndOffset="290" SrcFileId="3" StartOffset="248"/>
</Header>
<LocList>
<Loc EndOffset="387" SrcFileId="3" StartOffset="248"/>
</LocList>
<StmntSeq Intrnl_Id="41">
<LocList>
<Loc EndOffset="321" SrcFileId="3" StartOffset="296"/>
<Loc EndOffset="383" SrcFileId="3" StartOffset="325"/>
</LocList>
<BasicStmnt CovItemId="S1" CovItemPrefix="com.mloftus.mastermind.MastermindLogic.java" Intrnl_Id="42">
<LocList>
<Loc EndOffset="321" SrcFileId="3" StartOffset="296"/>
</LocList>
</BasicStmnt>
<BasicStmnt CovItemId="S2" CovItemPrefix="com.mloftus.mastermind.MastermindLogic.java" Intrnl_Id="43">
<LocList>
<Loc EndOffset="383" SrcFileId="3" StartOffset="325"/>
</LocList>
</BasicStmnt>
</StmntSeq>
</HierarchyLvl>
<HierarchyLvl HierarchyLvlId="410" HierarchyLvlTypeId="9" Intrnl_Id="44" Name="generateCode">
<Header>
<Loc EndOffset="432" SrcFileId="3" StartOffset="392"/>
</Header>
<LocList>
<Loc EndOffset="706" SrcFileId="3" StartOffset="392"/>
</LocList>
<StmntSeq Intrnl_Id="45">
<LocList>
<Loc EndOffset="485" SrcFileId="3" StartOffset="438"/>
<Loc EndOffset="702" SrcFileId="3" StartOffset="489"/>
</LocList>
<BasicStmnt CovItemId="S3" CovItemPrefix="com.mloftus.mastermind.MastermindLogic.java" Intrnl_Id="46">
<LocList>
<Loc EndOffset="485" SrcFileId="3" StartOffset="438"/>
</LocList>
</BasicStmnt>
<LoopStmnt CovItemId="S4" CovItemPrefix="com.mloftus.mastermind.MastermindLogic.java" Intrnl_Id="47" MltplExecId="L1-2" MltplExecPrefix="com.mloftus.mastermind.MastermindLogic.java" NvrExecId="L1-0" NvrExecPrefix="com.mloftus.mastermind.MastermindLogic.java" OnceExecutedId="L1-1" OnceExecutedPrefix="com.mloftus.mastermind.MastermindLogic.java" OptBodyExec="true">
<StmntSeq Intrnl_Id="48">
<LocList>
<Loc EndOffset="561" SrcFileId="3" StartOffset="532"/>
<Loc EndOffset="611" SrcFileId="3" StartOffset="566"/>
<Loc EndOffset="697" SrcFileId="3" StartOffset="616"/>
</LocList>
<BasicStmnt CovItemId="S5" CovItemPrefix="com.mloftus.mastermind.MastermindLogic.java" Intrnl_Id="49">
<LocList>
<Loc EndOffset="561" SrcFileId="3" StartOffset="532"/>
</LocList>
</BasicStmnt>
<BasicStmnt CovItemId="S6" CovItemPrefix="com.mloftus.mastermind.MastermindLogic.java" Intrnl_Id="50">
<LocList>
<Loc EndOffset="611" SrcFileId="3" StartOffset="566"/>
</LocList>
</BasicStmnt>
<CondStmnt CovItemId="S7" CovItemPrefix="com.mloftus.mastermind.MastermindLogic.java" Intrnl_Id="51">
<Branch CovItemId="B1" CovItemPrefix="com.mloftus.mastermind.MastermindLogic.java" Implct="false" Intrnl_Id="52">
<Cond/>
<LocList>
<Loc EndOffset="697" SrcFileId="3" StartOffset="656"/>
</LocList>
<StmntSeq Intrnl_Id="53">
<LocList>
<Loc EndOffset="691" SrcFileId="3" StartOffset="663"/>
</LocList>
<BasicStmnt CovItemId="S8" CovItemPrefix="com.mloftus.mastermind.MastermindLogic.java" Intrnl_Id="54">
<LocList>
<Loc EndOffset="691" SrcFileId="3" StartOffset="663"/>
</LocList>
</BasicStmnt>
</StmntSeq>
</Branch>
<Branch CovItemId="B2" CovItemPrefix="com.mloftus.mastermind.MastermindLogic.java" Implct="true" Intrnl_Id="55">
<Cond/>
<LocList/>
<StmntSeq Intrnl_Id="56">
<LocList/>
</StmntSeq>
</Branch>
<Keyword EndOffset="618" SrcFileId="3" StartOffset="616"/>
<LocList>
<Loc EndOffset="697" SrcFileId="3" StartOffset="616"/>
</LocList>
<RootTerm CovItemId="C2" CovItemPrefix="com.mloftus.mastermind.MastermindLogic.java" Intrnl_Id="57">
<OpTerm BooleanOpId="7" Intrnl_Id="58">
<BasicBoolTerm Intrnl_Id="59">
<LocList>
<Loc EndOffset="654" SrcFileId="3" StartOffset="622"/>
</LocList>
</BasicBoolTerm>
<LocList>
<Loc EndOffset="621" SrcFileId="3" StartOffset="620"/>
</LocList>
</OpTerm>
</RootTerm>
</CondStmnt>
</StmntSeq>
<Keyword EndOffset="494" SrcFileId="3" StartOffset="489"/>
<LocList>
<Loc EndOffset="702" SrcFileId="3" StartOffset="489"/>
</LocList>
<RootTerm CovItemId="C1" CovItemPrefix="com.mloftus.mastermind.MastermindLogic.java" Intrnl_Id="60">
<BasicBoolTerm Intrnl_Id="61">
<LocList>
<Loc EndOffset="525" SrcFileId="3" StartOffset="496"/>
</LocList>
</BasicBoolTerm>
</RootTerm>
</LoopStmnt>
</StmntSeq>
</HierarchyLvl>
<HierarchyLvl HierarchyLvlId="411" HierarchyLvlTypeId="9" Intrnl_Id="62" Name="setCode">
<Header>
<Loc EndOffset="743" SrcFileId="3" StartOffset="711"/>
</Header>
<LocList>
<Loc EndOffset="796" SrcFileId="3" StartOffset="711"/>
</LocList>
<StmntSeq Intrnl_Id="63">
<LocList>
<Loc EndOffset="792" SrcFileId="3" StartOffset="749"/>
</LocList>
<BasicStmnt CovItemId="S9" CovItemPrefix="com.mloftus.mastermind.MastermindLogic.java" Intrnl_Id="64">
<LocList>
<Loc EndOffset="792" SrcFileId="3" StartOffset="749"/>
</LocList>
</BasicStmnt>
</StmntSeq>
</HierarchyLvl>
<HierarchyLvl HierarchyLvlId="412" HierarchyLvlTypeId="9" Intrnl_Id="65" Name="guessIsValid">
<Header>
<Loc EndOffset="842" SrcFileId="3" StartOffset="801"/>
</Header>
<LocList>
<Loc EndOffset="894" SrcFileId="3" StartOffset="801"/>
</LocList>
<StmntSeq Intrnl_Id="66">
<LocList>
<Loc EndOffset="890" SrcFileId="3" StartOffset="848"/>
</LocList>
<BasicStmnt CovItemId="S10" CovItemPrefix="com.mloftus.mastermind.MastermindLogic.java" Intrnl_Id="67">
<LocList>
<Loc EndOffset="890" SrcFileId="3" StartOffset="848"/>
</LocList>
</BasicStmnt>
</StmntSeq>
</HierarchyLvl>
<HierarchyLvl HierarchyLvlId="413" HierarchyLvlTypeId="9" Intrnl_Id="68" Name="guessMatchesCode">
<Header>
<Loc EndOffset="946" SrcFileId="3" StartOffset="899"/>
</Header>
<LocList>
<Loc EndOffset="1088" SrcFileId="3" StartOffset="899"/>
</LocList>
<StmntSeq Intrnl_Id="69">
<LocList>
<Loc EndOffset="999" SrcFileId="3" StartOffset="952"/>
<Loc EndOffset="1084" SrcFileId="3" StartOffset="1003"/>
</LocList>
<BasicStmnt CovItemId="S11" CovItemPrefix="com.mloftus.mastermind.MastermindLogic.java" Intrnl_Id="70">
<LocList>
<Loc EndOffset="999" SrcFileId="3" StartOffset="952"/>
</LocList>
</BasicStmnt>
<BasicStmnt CovItemId="S12" CovItemPrefix="com.mloftus.mastermind.MastermindLogic.java" Intrnl_Id="71">
<LocList>
<Loc EndOffset="1084" SrcFileId="3" StartOffset="1003"/>
</LocList>
</BasicStmnt>
</StmntSeq>
</HierarchyLvl>
<HierarchyLvl HierarchyLvlId="414" HierarchyLvlTypeId="9" Intrnl_Id="72" Name="convertStringToArrayList">
<Header>
<Loc EndOffset="1156" SrcFileId="3" StartOffset="1093"/>
</Header>
<LocList>
<Loc EndOffset="1358" SrcFileId="3" StartOffset="1093"/>
</LocList>
<StmntSeq Intrnl_Id="73">
<LocList>
<Loc EndOffset="1227" SrcFileId="3" StartOffset="1162"/>
<Loc EndOffset="1336" SrcFileId="3" StartOffset="1231"/>
<Loc EndOffset="1354" SrcFileId="3" StartOffset="1340"/>
</LocList>
<BasicStmnt CovItemId="S13" CovItemPrefix="com.mloftus.mastermind.MastermindLogic.java" Intrnl_Id="74">
<LocList>
<Loc EndOffset="1227" SrcFileId="3" StartOffset="1162"/>
</LocList>
</BasicStmnt>
<LoopStmnt CovItemId="S14" CovItemPrefix="com.mloftus.mastermind.MastermindLogic.java" Intrnl_Id="75" MltplExecId="L2-2" MltplExecPrefix="com.mloftus.mastermind.MastermindLogic.java" NvrExecId="L2-0" NvrExecPrefix="com.mloftus.mastermind.MastermindLogic.java" OnceExecutedId="L2-1" OnceExecutedPrefix="com.mloftus.mastermind.MastermindLogic.java" OptBodyExec="true">
<StmntSeq Intrnl_Id="76">
<LocList>
<Loc EndOffset="1331" SrcFileId="3" StartOffset="1274"/>
</LocList>
<BasicStmnt CovItemId="S15" CovItemPrefix="com.mloftus.mastermind.MastermindLogic.java" Intrnl_Id="77">
<LocList>
<Loc EndOffset="1331" SrcFileId="3" StartOffset="1274"/>
</LocList>
</BasicStmnt>
</StmntSeq>
<Keyword EndOffset="1234" SrcFileId="3" StartOffset="1231"/>
<LocList>
<Loc EndOffset="1336" SrcFileId="3" StartOffset="1231"/>
</LocList>
<RootTerm CovItemId="C3" CovItemPrefix="com.mloftus.mastermind.MastermindLogic.java" Intrnl_Id="78">
<BasicBoolTerm Intrnl_Id="79">
<LocList>
<Loc EndOffset="1263" SrcFileId="3" StartOffset="1244"/>
</LocList>
</BasicBoolTerm>
</RootTerm>
</LoopStmnt>
<BasicStmnt CovItemId="S16" CovItemPrefix="com.mloftus.mastermind.MastermindLogic.java" Intrnl_Id="80">
<LocList>
<Loc EndOffset="1354" SrcFileId="3" StartOffset="1340"/>
</LocList>
</BasicStmnt>
</StmntSeq>
</HierarchyLvl>
<HierarchyLvl HierarchyLvlId="415" HierarchyLvlTypeId="9" Intrnl_Id="81" Name="getCode">
<Header>
<Loc EndOffset="1387" SrcFileId="3" StartOffset="1364"/>
</Header>
<LocList>
<Loc EndOffset="1446" SrcFileId="3" StartOffset="1364"/>
</LocList>
<StmntSeq Intrnl_Id="82">
<LocList>
<Loc EndOffset="1442" SrcFileId="3" StartOffset="1393"/>
</LocList>
<BasicStmnt CovItemId="S17" CovItemPrefix="com.mloftus.mastermind.MastermindLogic.java" Intrnl_Id="83">
<LocList>
<Loc EndOffset="1442" SrcFileId="3" StartOffset="1393"/>
</LocList>
</BasicStmnt>
</StmntSeq>
</HierarchyLvl>
<HierarchyLvl HierarchyLvlId="416" HierarchyLvlTypeId="9" Intrnl_Id="84" Name="getDigitMatches">
<Header>
<Loc EndOffset="1479" SrcFileId="3" StartOffset="1451"/>
</Header>
<LocList>
<Loc EndOffset="1661" SrcFileId="3" StartOffset="1451"/>
</LocList>
<StmntSeq Intrnl_Id="85">
<LocList>
<Loc EndOffset="1501" SrcFileId="3" StartOffset="1485"/>
<Loc EndOffset="1638" SrcFileId="3" StartOffset="1505"/>
<Loc EndOffset="1657" SrcFileId="3" StartOffset="1642"/>
</LocList>
<BasicStmnt CovItemId="S18" CovItemPrefix="com.mloftus.mastermind.MastermindLogic.java" Intrnl_Id="86">
<LocList>
<Loc EndOffset="1501" SrcFileId="3" StartOffset="1485"/>
</LocList>
</BasicStmnt>
<LoopStmnt CovItemId="S19" CovItemPrefix="com.mloftus.mastermind.MastermindLogic.java" Intrnl_Id="87" MltplExecId="L3-2" MltplExecPrefix="com.mloftus.mastermind.MastermindLogic.java" NvrExecId="L3-0" NvrExecPrefix="com.mloftus.mastermind.MastermindLogic.java" OnceExecutedId="L3-1" OnceExecutedPrefix="com.mloftus.mastermind.MastermindLogic.java" OptBodyExec="true">
<StmntSeq Intrnl_Id="88">
<LocList>
<Loc EndOffset="1633" SrcFileId="3" StartOffset="1542"/>
</LocList>
<LoopStmnt CovItemId="S20" CovItemPrefix="com.mloftus.mastermind.MastermindLogic.java" Intrnl_Id="89" MltplExecId="L4-2" MltplExecPrefix="com.mloftus.mastermind.MastermindLogic.java" NvrExecId="L4-0" NvrExecPrefix="com.mloftus.mastermind.MastermindLogic.java" OnceExecutedId="L4-1" OnceExecutedPrefix="com.mloftus.mastermind.MastermindLogic.java" OptBodyExec="true">
<StmntSeq Intrnl_Id="90">
<LocList>
<Loc EndOffset="1627" SrcFileId="3" StartOffset="1582"/>
</LocList>
<CondStmnt CovItemId="S21" CovItemPrefix="com.mloftus.mastermind.MastermindLogic.java" Intrnl_Id="91">
<Branch CovItemId="B3" CovItemPrefix="com.mloftus.mastermind.MastermindLogic.java" Implct="false" Intrnl_Id="92">
<Cond/>
<LocList>
<Loc EndOffset="1627" SrcFileId="3" StartOffset="1617"/>
</LocList>
<StmntSeq Intrnl_Id="93">
<LocList>
<Loc EndOffset="1627" SrcFileId="3" StartOffset="1617"/>
</LocList>
<BasicStmnt CovItemId="S22" CovItemPrefix="com.mloftus.mastermind.MastermindLogic.java" Intrnl_Id="94">
<LocList>
<Loc EndOffset="1627" SrcFileId="3" StartOffset="1617"/>
</LocList>
</BasicStmnt>
</StmntSeq>
</Branch>
<Branch CovItemId="B4" CovItemPrefix="com.mloftus.mastermind.MastermindLogic.java" Implct="true" Intrnl_Id="95">
<Cond/>
<LocList/>
<StmntSeq Intrnl_Id="96">
<LocList/>
</StmntSeq>
</Branch>
<Keyword EndOffset="1584" SrcFileId="3" StartOffset="1582"/>
<LocList>
<Loc EndOffset="1627" SrcFileId="3" StartOffset="1582"/>
</LocList>
<RootTerm CovItemId="C4" CovItemPrefix="com.mloftus.mastermind.MastermindLogic.java" Intrnl_Id="97">
<BasicBoolTerm Intrnl_Id="98">
<LocList>
<Loc EndOffset="1609" SrcFileId="3" StartOffset="1586"/>
</LocList>
</BasicBoolTerm>
</RootTerm>
</CondStmnt>
</StmntSeq>
<Keyword EndOffset="1545" SrcFileId="3" StartOffset="1542"/>
<LocList>
<Loc EndOffset="1633" SrcFileId="3" StartOffset="1542"/>
</LocList>
</LoopStmnt>
</StmntSeq>
<Keyword EndOffset="1508" SrcFileId="3" StartOffset="1505"/>
<LocList>
<Loc EndOffset="1638" SrcFileId="3" StartOffset="1505"/>
</LocList>
</LoopStmnt>
<BasicStmnt CovItemId="S23" CovItemPrefix="com.mloftus.mastermind.MastermindLogic.java" Intrnl_Id="99">
<LocList>
<Loc EndOffset="1657" SrcFileId="3" StartOffset="1642"/>
</LocList>
</BasicStmnt>
</StmntSeq>
</HierarchyLvl>
<HierarchyLvl HierarchyLvlId="417" HierarchyLvlTypeId="9" Intrnl_Id="100" Name="getLocationMatches">
<Header>
<Loc EndOffset="1697" SrcFileId="3" StartOffset="1666"/>
</Header>
<LocList>
<Loc EndOffset="1836" SrcFileId="3" StartOffset="1666"/>
</LocList>
<StmntSeq Intrnl_Id="101">
<LocList>
<Loc EndOffset="1719" SrcFileId="3" StartOffset="1703"/>
<Loc EndOffset="1813" SrcFileId="3" StartOffset="1723"/>
<Loc EndOffset="1832" SrcFileId="3" StartOffset="1817"/>
</LocList>
<BasicStmnt CovItemId="S24" CovItemPrefix="com.mloftus.mastermind.MastermindLogic.java" Intrnl_Id="102">
<LocList>
<Loc EndOffset="1719" SrcFileId="3" StartOffset="1703"/>
</LocList>
</BasicStmnt>
<LoopStmnt CovItemId="S25" CovItemPrefix="com.mloftus.mastermind.MastermindLogic.java" Intrnl_Id="103" MltplExecId="L5-2" MltplExecPrefix="com.mloftus.mastermind.MastermindLogic.java" NvrExecId="L5-0" NvrExecPrefix="com.mloftus.mastermind.MastermindLogic.java" OnceExecutedId="L5-1" OnceExecutedPrefix="com.mloftus.mastermind.MastermindLogic.java" OptBodyExec="true">
<StmntSeq Intrnl_Id="104">
<LocList>
<Loc EndOffset="1808" SrcFileId="3" StartOffset="1761"/>
</LocList>
<CondStmnt CovItemId="S26" CovItemPrefix="com.mloftus.mastermind.MastermindLogic.java" Intrnl_Id="105">
<Branch CovItemId="B5" CovItemPrefix="com.mloftus.mastermind.MastermindLogic.java" Implct="false" Intrnl_Id="106">
<Cond/>
<LocList>
<Loc EndOffset="1808" SrcFileId="3" StartOffset="1798"/>
</LocList>
<StmntSeq Intrnl_Id="107">
<LocList>
<Loc EndOffset="1808" SrcFileId="3" StartOffset="1798"/>
</LocList>
<BasicStmnt CovItemId="S27" CovItemPrefix="com.mloftus.mastermind.MastermindLogic.java" Intrnl_Id="108">
<LocList>
<Loc EndOffset="1808" SrcFileId="3" StartOffset="1798"/>
</LocList>
</BasicStmnt>
</StmntSeq>
</Branch>
<Branch CovItemId="B6" CovItemPrefix="com.mloftus.mastermind.MastermindLogic.java" Implct="true" Intrnl_Id="109">
<Cond/>
<LocList/>
<StmntSeq Intrnl_Id="110">
<LocList/>
</StmntSeq>
</Branch>
<Keyword EndOffset="1763" SrcFileId="3" StartOffset="1761"/>
<LocList>
<Loc EndOffset="1808" SrcFileId="3" StartOffset="1761"/>
</LocList>
<RootTerm CovItemId="C6" CovItemPrefix="com.mloftus.mastermind.MastermindLogic.java" Intrnl_Id="111">
<BasicBoolTerm Intrnl_Id="112">
<LocList>
<Loc EndOffset="1791" SrcFileId="3" StartOffset="1764"/>
</LocList>
</BasicBoolTerm>
</RootTerm>
</CondStmnt>
</StmntSeq>
<Keyword EndOffset="1726" SrcFileId="3" StartOffset="1723"/>
<LocList>
<Loc EndOffset="1813" SrcFileId="3" StartOffset="1723"/>
</LocList>
<RootTerm CovItemId="C5" CovItemPrefix="com.mloftus.mastermind.MastermindLogic.java" Intrnl_Id="113">
<BasicBoolTerm Intrnl_Id="114">
<LocList>
<Loc EndOffset="1749" SrcFileId="3" StartOffset="1736"/>
</LocList>
</BasicBoolTerm>
</RootTerm>
</LoopStmnt>
<BasicStmnt CovItemId="S28" CovItemPrefix="com.mloftus.mastermind.MastermindLogic.java" Intrnl_Id="115">
<LocList>
<Loc EndOffset="1832" SrcFileId="3" StartOffset="1817"/>
</LocList>
</BasicStmnt>
</StmntSeq>
</HierarchyLvl>
</HierarchyLvl>
<HierarchyLvl HierarchyLvlId="424" HierarchyLvlTypeId="10" Intrnl_Id="116" Name="MastermindGuessValidator">
<Header>
<Loc EndOffset="72" SrcFileId="4" StartOffset="35"/>
</Header>
<LocList>
<Loc EndOffset="1096" SrcFileId="4" StartOffset="35"/>
</LocList>
<HierarchyLvl HierarchyLvlId="419" HierarchyLvlTypeId="9" Intrnl_Id="117" Name="MastermindGuessValidator">
<Header>
<Loc EndOffset="155" SrcFileId="4" StartOffset="108"/>
</Header>
<LocList>
<Loc EndOffset="194" SrcFileId="4" StartOffset="108"/>
</LocList>
<StmntSeq Intrnl_Id="118">
<LocList>
<Loc EndOffset="190" SrcFileId="4" StartOffset="161"/>
</LocList>
<BasicStmnt CovItemId="S1" CovItemPrefix="com.mloftus.mastermind.MastermindGuessValidator.java" Intrnl_Id="119">
<LocList>
<Loc EndOffset="190" SrcFileId="4" StartOffset="161"/>
</LocList>
</BasicStmnt>
</StmntSeq>
</HierarchyLvl>
<HierarchyLvl HierarchyLvlId="420" HierarchyLvlTypeId="9" Intrnl_Id="120" Name="guessIsValid">
<Header>
<Loc EndOffset="240" SrcFileId="4" StartOffset="199"/>
</Header>
<LocList>
<Loc EndOffset="340" SrcFileId="4" StartOffset="199"/>
</LocList>
<StmntSeq Intrnl_Id="121">
<LocList>
<Loc EndOffset="336" SrcFileId="4" StartOffset="246"/>
</LocList>
<BasicStmnt CovItemId="S2" CovItemPrefix="com.mloftus.mastermind.MastermindGuessValidator.java" Intrnl_Id="122">
<LocList>
<Loc EndOffset="336" SrcFileId="4" StartOffset="246"/>
</LocList>
</BasicStmnt>
</StmntSeq>
</HierarchyLvl>
<HierarchyLvl HierarchyLvlId="421" HierarchyLvlTypeId="9" Intrnl_Id="123" Name="lengthIsCorrect">
<Header>
<Loc EndOffset="406" SrcFileId="4" StartOffset="345"/>
</Header>
<LocList>
<Loc EndOffset="452" SrcFileId="4" StartOffset="345"/>
</LocList>
<StmntSeq Intrnl_Id="124">
<LocList>
<Loc EndOffset="448" SrcFileId="4" StartOffset="412"/>
</LocList>
<BasicStmnt CovItemId="S3" CovItemPrefix="com.mloftus.mastermind.MastermindGuessValidator.java" Intrnl_Id="125">
<LocList>
<Loc EndOffset="448" SrcFileId="4" StartOffset="412"/>
</LocList>
</BasicStmnt>
</StmntSeq>
</HierarchyLvl>
<HierarchyLvl HierarchyLvlId="422" HierarchyLvlTypeId="9" Intrnl_Id="126" Name="isNumeric">
<Header>
<Loc EndOffset="496" SrcFileId="4" StartOffset="457"/>
</Header>
<LocList>
<Loc EndOffset="729" SrcFileId="4" StartOffset="457"/>
</LocList>
<StmntSeq Intrnl_Id="127">
<LocList>
<Loc EndOffset="542" SrcFileId="4" StartOffset="502"/>
<Loc EndOffset="709" SrcFileId="4" StartOffset="546"/>
<Loc EndOffset="725" SrcFileId="4" StartOffset="713"/>
</LocList>
<BasicStmnt CovItemId="S4" CovItemPrefix="com.mloftus.mastermind.MastermindGuessValidator.java" Intrnl_Id="128">
<LocList>
<Loc EndOffset="542" SrcFileId="4" StartOffset="502"/>
</LocList>
</BasicStmnt>
<LoopStmnt CovItemId="S5" CovItemPrefix="com.mloftus.mastermind.MastermindGuessValidator.java" Intrnl_Id="129" MltplExecId="L1-2" MltplExecPrefix="com.mloftus.mastermind.MastermindGuessValidator.java" NvrExecId="L1-0" NvrExecPrefix="com.mloftus.mastermind.MastermindGuessValidator.java" OnceExecutedId="L1-1" OnceExecutedPrefix="com.mloftus.mastermind.MastermindGuessValidator.java" OptBodyExec="true">
<StmntSeq Intrnl_Id="130">
<LocList>
<Loc EndOffset="639" SrcFileId="4" StartOffset="595"/>
<Loc EndOffset="704" SrcFileId="4" StartOffset="584"/>
</LocList>
<BasicStmnt CovItemId="S7" CovItemPrefix="com.mloftus.mastermind.MastermindGuessValidator.java" Intrnl_Id="131">
<LocList>
<Loc EndOffset="639" SrcFileId="4" StartOffset="595"/>
</LocList>
</BasicStmnt>
<CondStmnt CovItemId="S6" CovItemPrefix="com.mloftus.mastermind.MastermindGuessValidator.java" Intrnl_Id="132">
<Branch CovItemId="B1" CovItemPrefix="com.mloftus.mastermind.MastermindGuessValidator.java" Implct="true" Intrnl_Id="133">
<Cond/>
<LocList/>
<StmntSeq Intrnl_Id="134">
<LocList/>
</StmntSeq>
</Branch>
<Branch CovItemId="B2" CovItemPrefix="com.mloftus.mastermind.MastermindGuessValidator.java" Implct="false" Intrnl_Id="135">
<Cond>
<Loc EndOffset="677" SrcFileId="4" StartOffset="646"/>
</Cond>
<LocList>
<Loc EndOffset="704" SrcFileId="4" StartOffset="678"/>
</LocList>
<StmntSeq Intrnl_Id="136">
<LocList>
<Loc EndOffset="698" SrcFileId="4" StartOffset="685"/>
</LocList>
<BasicStmnt CovItemId="S8" CovItemPrefix="com.mloftus.mastermind.MastermindGuessValidator.java" Intrnl_Id="137">
<LocList>
<Loc EndOffset="698" SrcFileId="4" StartOffset="685"/>
</LocList>
</BasicStmnt>
</StmntSeq>
</Branch>
<Keyword EndOffset="587" SrcFileId="4" StartOffset="584"/>
<LocList>
<Loc EndOffset="704" SrcFileId="4" StartOffset="584"/>
</LocList>
</CondStmnt>
</StmntSeq>
<Keyword EndOffset="549" SrcFileId="4" StartOffset="546"/>
<LocList>
<Loc EndOffset="709" SrcFileId="4" StartOffset="546"/>
</LocList>
</LoopStmnt>
<BasicStmnt CovItemId="S9" CovItemPrefix="com.mloftus.mastermind.MastermindGuessValidator.java" Intrnl_Id="138">
<LocList>
<Loc EndOffset="725" SrcFileId="4" StartOffset="713"/>
</LocList>
</BasicStmnt>
</StmntSeq>
</HierarchyLvl>
<HierarchyLvl HierarchyLvlId="423" HierarchyLvlTypeId="9" Intrnl_Id="139" Name="hasNoRepeatDigits">
<Header>
<Loc EndOffset="781" SrcFileId="4" StartOffset="734"/>
</Header>
<LocList>
<Loc EndOffset="1091" SrcFileId="4" StartOffset="734"/>
</LocList>
<StmntSeq Intrnl_Id="140">
<LocList>
<Loc EndOffset="829" SrcFileId="4" StartOffset="787"/>
<Loc EndOffset="880" SrcFileId="4" StartOffset="833"/>
<Loc EndOffset="1071" SrcFileId="4" StartOffset="884"/>
<Loc EndOffset="1087" SrcFileId="4" StartOffset="1075"/>
</LocList>
<BasicStmnt CovItemId="S10" CovItemPrefix="com.mloftus.mastermind.MastermindGuessValidator.java" Intrnl_Id="141">
<LocList>
<Loc EndOffset="829" SrcFileId="4" StartOffset="787"/>
</LocList>
</BasicStmnt>
<BasicStmnt CovItemId="S11" CovItemPrefix="com.mloftus.mastermind.MastermindGuessValidator.java" Intrnl_Id="142">
<LocList>
<Loc EndOffset="880" SrcFileId="4" StartOffset="833"/>
</LocList>
</BasicStmnt>
<LoopStmnt CovItemId="S12" CovItemPrefix="com.mloftus.mastermind.MastermindGuessValidator.java" Intrnl_Id="143" MltplExecId="L2-2" MltplExecPrefix="com.mloftus.mastermind.MastermindGuessValidator.java" NvrExecId="L2-0" NvrExecPrefix="com.mloftus.mastermind.MastermindGuessValidator.java" OnceExecutedId="L2-1" OnceExecutedPrefix="com.mloftus.mastermind.MastermindGuessValidator.java" OptBodyExec="true">
<StmntSeq Intrnl_Id="144">
<LocList>
<Loc EndOffset="1027" SrcFileId="4" StartOffset="929"/>
<Loc EndOffset="1066" SrcFileId="4" StartOffset="1032"/>
</LocList>
<LoopStmnt CovItemId="S13" CovItemPrefix="com.mloftus.mastermind.MastermindGuessValidator.java" Intrnl_Id="145" MltplExecId="L3-2" MltplExecPrefix="com.mloftus.mastermind.MastermindGuessValidator.java" NvrExecId="L3-0" NvrExecPrefix="com.mloftus.mastermind.MastermindGuessValidator.java" OnceExecutedId="L3-1" OnceExecutedPrefix="com.mloftus.mastermind.MastermindGuessValidator.java" OptBodyExec="true">
<StmntSeq Intrnl_Id="146">
<LocList>
<Loc EndOffset="1021" SrcFileId="4" StartOffset="970"/>
</LocList>
<CondStmnt CovItemId="S14" CovItemPrefix="com.mloftus.mastermind.MastermindGuessValidator.java" Intrnl_Id="147">
<Branch CovItemId="B3" CovItemPrefix="com.mloftus.mastermind.MastermindGuessValidator.java" Implct="false" Intrnl_Id="148">
<Cond/>
<LocList>
<Loc EndOffset="1021" SrcFileId="4" StartOffset="1008"/>
</LocList>
<StmntSeq Intrnl_Id="149">
<LocList>
<Loc EndOffset="1021" SrcFileId="4" StartOffset="1008"/>
</LocList>
<BasicStmnt CovItemId="S15" CovItemPrefix="com.mloftus.mastermind.MastermindGuessValidator.java" Intrnl_Id="150">
<LocList>
<Loc EndOffset="1021" SrcFileId="4" StartOffset="1008"/>
</LocList>
</BasicStmnt>
</StmntSeq>
</Branch>
<Branch CovItemId="B4" CovItemPrefix="com.mloftus.mastermind.MastermindGuessValidator.java" Implct="true" Intrnl_Id="151">
<Cond/>
<LocList/>
<StmntSeq Intrnl_Id="152">
<LocList/>
</StmntSeq>
</Branch>
<Keyword EndOffset="972" SrcFileId="4" StartOffset="970"/>
<LocList>
<Loc EndOffset="1021" SrcFileId="4" StartOffset="970"/>
</LocList>
<RootTerm CovItemId="C2" CovItemPrefix="com.mloftus.mastermind.MastermindGuessValidator.java" Intrnl_Id="153">
<BasicBoolTerm Intrnl_Id="154">
<LocList>
<Loc EndOffset="1000" SrcFileId="4" StartOffset="974"/>
</LocList>
</BasicBoolTerm>
</RootTerm>
</CondStmnt>
</StmntSeq>
<Keyword EndOffset="932" SrcFileId="4" StartOffset="929"/>
<LocList>
<Loc EndOffset="1027" SrcFileId="4" StartOffset="929"/>
</LocList>
</LoopStmnt>
<BasicStmnt CovItemId="S16" CovItemPrefix="com.mloftus.mastermind.MastermindGuessValidator.java" Intrnl_Id="155">
<LocList>
<Loc EndOffset="1066" SrcFileId="4" StartOffset="1032"/>
</LocList>
</BasicStmnt>
</StmntSeq>
<Keyword EndOffset="887" SrcFileId="4" StartOffset="884"/>
<LocList>
<Loc EndOffset="1071" SrcFileId="4" StartOffset="884"/>
</LocList>
<RootTerm CovItemId="C1" CovItemPrefix="com.mloftus.mastermind.MastermindGuessValidator.java" Intrnl_Id="156">
<BasicBoolTerm Intrnl_Id="157">
<LocList>
<Loc EndOffset="918" SrcFileId="4" StartOffset="897"/>
</LocList>
</BasicBoolTerm>
</RootTerm>
</LoopStmnt>
<BasicStmnt CovItemId="S17" CovItemPrefix="com.mloftus.mastermind.MastermindGuessValidator.java" Intrnl_Id="158">
<LocList>
<Loc EndOffset="1087" SrcFileId="4" StartOffset="1075"/>
</LocList>
</BasicStmnt>
</StmntSeq>
</HierarchyLvl>
</HierarchyLvl>
<HierarchyLvl HierarchyLvlId="435" HierarchyLvlTypeId="10" Intrnl_Id="159" Name="MastermindGame">
<Header>
<Loc EndOffset="207" SrcFileId="5" StartOffset="180"/>
</Header>
<LocList>
<Loc EndOffset="2273" SrcFileId="5" StartOffset="180"/>
</LocList>
<StmntSeq Intrnl_Id="160">
<LocList>
<Loc EndOffset="245" SrcFileId="5" StartOffset="214"/>
<Loc EndOffset="280" SrcFileId="5" StartOffset="248"/>
<Loc EndOffset="351" SrcFileId="5" StartOffset="315"/>
</LocList>
<BasicStmnt CovItemId="S1" CovItemPrefix="com.mloftus.mastermind.MastermindGame.java" Intrnl_Id="161">
<LocList>
<Loc EndOffset="245" SrcFileId="5" StartOffset="214"/>
</LocList>
</BasicStmnt>
<BasicStmnt CovItemId="S2" CovItemPrefix="com.mloftus.mastermind.MastermindGame.java" Intrnl_Id="162">
<LocList>
<Loc EndOffset="280" SrcFileId="5" StartOffset="248"/>
</LocList>
</BasicStmnt>
<BasicStmnt CovItemId="S3" CovItemPrefix="com.mloftus.mastermind.MastermindGame.java" Intrnl_Id="163">
<LocList>
<Loc EndOffset="351" SrcFileId="5" StartOffset="315"/>
</LocList>
</BasicStmnt>
</StmntSeq>
<HierarchyLvl HierarchyLvlId="425" HierarchyLvlTypeId="9" Intrnl_Id="164" Name="MastermindGame">
<Header>
<Loc EndOffset="394" SrcFileId="5" StartOffset="357"/>
</Header>
<LocList>
<Loc EndOffset="433" SrcFileId="5" StartOffset="357"/>
</LocList>
<StmntSeq Intrnl_Id="165">
<LocList>
<Loc EndOffset="429" SrcFileId="5" StartOffset="400"/>
</LocList>
<BasicStmnt CovItemId="S4" CovItemPrefix="com.mloftus.mastermind.MastermindGame.java" Intrnl_Id="166">
<LocList>
<Loc EndOffset="429" SrcFileId="5" StartOffset="400"/>
</LocList>
</BasicStmnt>
</StmntSeq>
</HierarchyLvl>
<HierarchyLvl HierarchyLvlId="426" HierarchyLvlTypeId="9" Intrnl_Id="167" Name="play">
<Header>
<Loc EndOffset="486" SrcFileId="5" StartOffset="438"/>
</Header>
<LocList>
<Loc EndOffset="1164" SrcFileId="5" StartOffset="438"/>
</LocList>
<StmntSeq Intrnl_Id="168">
<LocList>
<Loc EndOffset="510" SrcFileId="5" StartOffset="494"/>
<Loc EndOffset="581" SrcFileId="5" StartOffset="518"/>
<Loc EndOffset="1062" SrcFileId="5" StartOffset="589"/>
<Loc EndOffset="1158" SrcFileId="5" StartOffset="1066"/>
</LocList>
<BasicStmnt CovItemId="S5" CovItemPrefix="com.mloftus.mastermind.MastermindGame.java" Intrnl_Id="169">
<LocList>
<Loc EndOffset="510" SrcFileId="5" StartOffset="494"/>
</LocList>
</BasicStmnt>
<BasicStmnt CovItemId="S6" CovItemPrefix="com.mloftus.mastermind.MastermindGame.java" Intrnl_Id="170">
<LocList>
<Loc EndOffset="581" SrcFileId="5" StartOffset="518"/>
</LocList>
</BasicStmnt>
<LoopStmnt CovItemId="S7" CovItemPrefix="com.mloftus.mastermind.MastermindGame.java" Intrnl_Id="171" MltplExecId="L1-2" MltplExecPrefix="com.mloftus.mastermind.MastermindGame.java" NvrExecId="L1-0" NvrExecPrefix="com.mloftus.mastermind.MastermindGame.java" OnceExecutedId="L1-1" OnceExecutedPrefix="com.mloftus.mastermind.MastermindGame.java" OptBodyExec="true">
<StmntSeq Intrnl_Id="172">
<LocList>
<Loc EndOffset="641" SrcFileId="5" StartOffset="623"/>
<Loc EndOffset="672" SrcFileId="5" StartOffset="646"/>
<Loc EndOffset="786" SrcFileId="5" StartOffset="677"/>
<Loc EndOffset="809" SrcFileId="5" StartOffset="791"/>
<Loc EndOffset="1055" SrcFileId="5" StartOffset="814"/>
</LocList>
<BasicStmnt CovItemId="S8" CovItemPrefix="com.mloftus.mastermind.MastermindGame.java" Intrnl_Id="173">
<LocList>
<Loc EndOffset="641" SrcFileId="5" StartOffset="623"/>
</LocList>
</BasicStmnt>
<BasicStmnt CovItemId="S9" CovItemPrefix="com.mloftus.mastermind.MastermindGame.java" Intrnl_Id="174">
<LocList>
<Loc EndOffset="672" SrcFileId="5" StartOffset="646"/>
</LocList>
</BasicStmnt>
<CondStmnt CovItemId="S10" CovItemPrefix="com.mloftus.mastermind.MastermindGame.java" Intrnl_Id="175">
<Branch CovItemId="B1" CovItemPrefix="com.mloftus.mastermind.MastermindGame.java" Implct="false" Intrnl_Id="176">
<Cond/>
<LocList>
<Loc EndOffset="786" SrcFileId="5" StartOffset="703"/>
</LocList>
<StmntSeq Intrnl_Id="177">
<LocList>
<Loc EndOffset="765" SrcFileId="5" StartOffset="710"/>
<Loc EndOffset="780" SrcFileId="5" StartOffset="771"/>
</LocList>
<BasicStmnt CovItemId="S11" CovItemPrefix="com.mloftus.mastermind.MastermindGame.java" Intrnl_Id="178">
<LocList>
<Loc EndOffset="765" SrcFileId="5" StartOffset="710"/>
</LocList>
</BasicStmnt>
<BasicStmnt CovItemId="S12" CovItemPrefix="com.mloftus.mastermind.MastermindGame.java" Intrnl_Id="179">
<LocList>
<Loc EndOffset="780" SrcFileId="5" StartOffset="771"/>
</LocList>
</BasicStmnt>
</StmntSeq>
</Branch>
<Branch CovItemId="B2" CovItemPrefix="com.mloftus.mastermind.MastermindGame.java" Implct="true" Intrnl_Id="180">
<Cond/>
<LocList/>
<StmntSeq Intrnl_Id="181">
<LocList/>
</StmntSeq>
</Branch>
<Keyword EndOffset="679" SrcFileId="5" StartOffset="677"/>
<LocList>
<Loc EndOffset="786" SrcFileId="5" StartOffset="677"/>
</LocList>
<RootTerm CovItemId="C2" CovItemPrefix="com.mloftus.mastermind.MastermindGame.java" Intrnl_Id="182">
<BasicBoolTerm Intrnl_Id="183">
<LocList>
<Loc EndOffset="701" SrcFileId="5" StartOffset="681"/>
</LocList>
</BasicBoolTerm>
</RootTerm>
</CondStmnt>
<BasicStmnt CovItemId="S13" CovItemPrefix="com.mloftus.mastermind.MastermindGame.java" Intrnl_Id="184">
<LocList>
<Loc EndOffset="809" SrcFileId="5" StartOffset="791"/>
</LocList>
</BasicStmnt>
<CondStmnt CovItemId="S14" CovItemPrefix="com.mloftus.mastermind.MastermindGame.java" Intrnl_Id="185">
<Branch CovItemId="B3" CovItemPrefix="com.mloftus.mastermind.MastermindGame.java" Implct="false" Intrnl_Id="186">
<Cond/>
<LocList>
<Loc EndOffset="940" SrcFileId="5" StartOffset="841"/>
</LocList>
<StmntSeq Intrnl_Id="187">
<LocList>
<Loc EndOffset="922" SrcFileId="5" StartOffset="848"/>
<Loc EndOffset="934" SrcFileId="5" StartOffset="928"/>
</LocList>
<BasicStmnt CovItemId="S15" CovItemPrefix="com.mloftus.mastermind.MastermindGame.java" Intrnl_Id="188">
<LocList>
<Loc EndOffset="922" SrcFileId="5" StartOffset="848"/>
</LocList>
</BasicStmnt>
<BasicStmnt CovItemId="S16" CovItemPrefix="com.mloftus.mastermind.MastermindGame.java" Intrnl_Id="189">
<LocList>
<Loc EndOffset="934" SrcFileId="5" StartOffset="928"/>
</LocList>
</BasicStmnt>
</StmntSeq>
</Branch>
<Branch CovItemId="B4" CovItemPrefix="com.mloftus.mastermind.MastermindGame.java" Implct="false" Intrnl_Id="190">
<Cond>
<Loc EndOffset="945" SrcFileId="5" StartOffset="941"/>
</Cond>
<LocList>
<Loc EndOffset="1055" SrcFileId="5" StartOffset="946"/>
</LocList>
<StmntSeq Intrnl_Id="191">
<LocList>
<Loc EndOffset="1049" SrcFileId="5" StartOffset="953"/>
</LocList>
<BasicStmnt CovItemId="S17" CovItemPrefix="com.mloftus.mastermind.MastermindGame.java" Intrnl_Id="192">
<LocList>
<Loc EndOffset="1049" SrcFileId="5" StartOffset="953"/>
</LocList>
</BasicStmnt>
</StmntSeq>
</Branch>
<Keyword EndOffset="816" SrcFileId="5" StartOffset="814"/>
<LocList>
<Loc EndOffset="1055" SrcFileId="5" StartOffset="814"/>
</LocList>
<RootTerm CovItemId="C3" CovItemPrefix="com.mloftus.mastermind.MastermindGame.java" Intrnl_Id="193">
<BasicBoolTerm Intrnl_Id="194">
<LocList>
<Loc EndOffset="839" SrcFileId="5" StartOffset="818"/>
</LocList>
</BasicBoolTerm>
</RootTerm>
</CondStmnt>
</StmntSeq>
<Keyword EndOffset="594" SrcFileId="5" StartOffset="589"/>
<LocList>
<Loc EndOffset="1062" SrcFileId="5" StartOffset="589"/>
</LocList>
<RootTerm CovItemId="C1" CovItemPrefix="com.mloftus.mastermind.MastermindGame.java" Intrnl_Id="195">
<BasicBoolTerm Intrnl_Id="196">
<LocList>
<Loc EndOffset="615" SrcFileId="5" StartOffset="596"/>
</LocList>
</BasicBoolTerm>
</RootTerm>
</LoopStmnt>
<CondStmnt CovItemId="S18" CovItemPrefix="com.mloftus.mastermind.MastermindGame.java" Intrnl_Id="197">
<Branch CovItemId="B5" CovItemPrefix="com.mloftus.mastermind.MastermindGame.java" Implct="false" Intrnl_Id="198">
<Cond/>
<LocList>
<Loc EndOffset="1158" SrcFileId="5" StartOffset="1089"/>
</LocList>
<StmntSeq Intrnl_Id="199">
<LocList>
<Loc EndOffset="1153" SrcFileId="5" StartOffset="1095"/>
</LocList>
<BasicStmnt CovItemId="S19" CovItemPrefix="com.mloftus.mastermind.MastermindGame.java" Intrnl_Id="200">
<LocList>
<Loc EndOffset="1153" SrcFileId="5" StartOffset="1095"/>
</LocList>
</BasicStmnt>
</StmntSeq>
</Branch>
<Branch CovItemId="B6" CovItemPrefix="com.mloftus.mastermind.MastermindGame.java" Implct="true" Intrnl_Id="201">
<Cond/>
<LocList/>
<StmntSeq Intrnl_Id="202">
<LocList/>
</StmntSeq>
</Branch>
<Keyword EndOffset="1068" SrcFileId="5" StartOffset="1066"/>
<LocList>
<Loc EndOffset="1158" SrcFileId="5" StartOffset="1066"/>
</LocList>
<RootTerm CovItemId="C4" CovItemPrefix="com.mloftus.mastermind.MastermindGame.java" Intrnl_Id="203">
<BasicBoolTerm Intrnl_Id="204">
<LocList>
<Loc EndOffset="1087" SrcFileId="5" StartOffset="1070"/>
</LocList>
</BasicBoolTerm>
</RootTerm>
</CondStmnt>
</StmntSeq>
</HierarchyLvl>
<HierarchyLvl HierarchyLvlId="427" HierarchyLvlTypeId="9" Intrnl_Id="205" Name="configureGame">
<Header>
<Loc EndOffset="1227" SrcFileId="5" StartOffset="1169"/>
</Header>
<LocList>
<Loc EndOffset="1439" SrcFileId="5" StartOffset="1169"/>
</LocList>
<StmntSeq Intrnl_Id="206">
<LocList>
<Loc EndOffset="1341" SrcFileId="5" StartOffset="1233"/>
<Loc EndOffset="1392" SrcFileId="5" StartOffset="1345"/>
<Loc EndOffset="1435" SrcFileId="5" StartOffset="1396"/>
</LocList>
<CondStmnt CovItemId="S20" CovItemPrefix="com.mloftus.mastermind.MastermindGame.java" Intrnl_Id="207">
<Branch CovItemId="B7" CovItemPrefix="com.mloftus.mastermind.MastermindGame.java" Implct="false" Intrnl_Id="208">
<Cond/>
<LocList>
<Loc EndOffset="1341" SrcFileId="5" StartOffset="1271"/>
</LocList>
<StmntSeq Intrnl_Id="209">
<LocList>
<Loc EndOffset="1336" SrcFileId="5" StartOffset="1277"/>
</LocList>
<BasicStmnt CovItemId="S21" CovItemPrefix="com.mloftus.mastermind.MastermindGame.java" Intrnl_Id="210">
<LocList>
<Loc EndOffset="1336" SrcFileId="5" StartOffset="1277"/>
</LocList>
</BasicStmnt>
</StmntSeq>
</Branch>
<Branch CovItemId="B8" CovItemPrefix="com.mloftus.mastermind.MastermindGame.java" Implct="true" Intrnl_Id="211">
<Cond/>
<LocList/>
<StmntSeq Intrnl_Id="212">
<LocList/>
</StmntSeq>
</Branch>
<Keyword EndOffset="1235" SrcFileId="5" StartOffset="1233"/>
<LocList>
<Loc EndOffset="1341" SrcFileId="5" StartOffset="1233"/>
</LocList>
<RootTerm CovItemId="C5" CovItemPrefix="com.mloftus.mastermind.MastermindGame.java" Intrnl_Id="213">
<OpTerm BooleanOpId="6" Intrnl_Id="214">
<BasicBoolTerm Intrnl_Id="215">
<LocList>
<Loc EndOffset="1251" SrcFileId="5" StartOffset="1237"/>
</LocList>
</BasicBoolTerm>
<BasicBoolTerm Intrnl_Id="216">
<LocList>
<Loc EndOffset="1269" SrcFileId="5" StartOffset="1255"/>
</LocList>
</BasicBoolTerm>
<LocList>
<Loc EndOffset="1254" SrcFileId="5" StartOffset="1252"/>
</LocList>
</OpTerm>
</RootTerm>
</CondStmnt>
<CondStmnt CovItemId="S22" CovItemPrefix="com.mloftus.mastermind.MastermindGame.java" Intrnl_Id="217">
<Branch CovItemId="B9" CovItemPrefix="com.mloftus.mastermind.MastermindGame.java" Implct="false" Intrnl_Id="218">
<Cond/>
<LocList>
<Loc EndOffset="1392" SrcFileId="5" StartOffset="1365"/>
</LocList>
<StmntSeq Intrnl_Id="219">
<LocList>
<Loc EndOffset="1387" SrcFileId="5" StartOffset="1371"/>
</LocList>
<BasicStmnt CovItemId="S23" CovItemPrefix="com.mloftus.mastermind.MastermindGame.java" Intrnl_Id="220">
<LocList>
<Loc EndOffset="1387" SrcFileId="5" StartOffset="1371"/>
</LocList>
</BasicStmnt>
</StmntSeq>
</Branch>
<Branch CovItemId="B10" CovItemPrefix="com.mloftus.mastermind.MastermindGame.java" Implct="true" Intrnl_Id="221">
<Cond/>
<LocList/>
<StmntSeq Intrnl_Id="222">
<LocList/>
</StmntSeq>
</Branch>
<Keyword EndOffset="1347" SrcFileId="5" StartOffset="1345"/>
<LocList>
<Loc EndOffset="1392" SrcFileId="5" StartOffset="1345"/>
</LocList>
<RootTerm CovItemId="C6" CovItemPrefix="com.mloftus.mastermind.MastermindGame.java" Intrnl_Id="223">
<BasicBoolTerm Intrnl_Id="224">
<LocList>
<Loc EndOffset="1363" SrcFileId="5" StartOffset="1349"/>
</LocList>
</BasicBoolTerm>
</RootTerm>
</CondStmnt>
<BasicStmnt CovItemId="S24" CovItemPrefix="com.mloftus.mastermind.MastermindGame.java" Intrnl_Id="225">
<LocList>
<Loc EndOffset="1435" SrcFileId="5" StartOffset="1396"/>
</LocList>
</BasicStmnt>
</StmntSeq>
</HierarchyLvl>
<HierarchyLvl HierarchyLvlId="428" HierarchyLvlTypeId="9" Intrnl_Id="226" Name="someGuessesRemain">
<Header>
<Loc EndOffset="1480" SrcFileId="5" StartOffset="1445"/>
</Header>
<LocList>
<Loc EndOffset="1527" SrcFileId="5" StartOffset="1445"/>
</LocList>
<StmntSeq Intrnl_Id="227">
<LocList>
<Loc EndOffset="1523" SrcFileId="5" StartOffset="1486"/>
</LocList>
<BasicStmnt CovItemId="S25" CovItemPrefix="com.mloftus.mastermind.MastermindGame.java" Intrnl_Id="228">
<LocList>
<Loc EndOffset="1523" SrcFileId="5" StartOffset="1486"/>
</LocList>
</BasicStmnt>
</StmntSeq>
</HierarchyLvl>
<HierarchyLvl HierarchyLvlId="429" HierarchyLvlTypeId="9" Intrnl_Id="229" Name="askForNextGuess">
<Header>
<Loc EndOffset="1562" SrcFileId="5" StartOffset="1532"/>
</Header>
<LocList>
<Loc EndOffset="1662" SrcFileId="5" StartOffset="1532"/>
</LocList>
<StmntSeq Intrnl_Id="230">
<LocList>
<Loc EndOffset="1658" SrcFileId="5" StartOffset="1568"/>
</LocList>
<BasicStmnt CovItemId="S26" CovItemPrefix="com.mloftus.mastermind.MastermindGame.java" Intrnl_Id="231">
<LocList>
<Loc EndOffset="1658" SrcFileId="5" StartOffset="1568"/>
</LocList>
</BasicStmnt>
</StmntSeq>
</HierarchyLvl>
<HierarchyLvl HierarchyLvlId="430" HierarchyLvlTypeId="9" Intrnl_Id="232" Name="getGuess">
<Header>
<Loc EndOffset="1692" SrcFileId="5" StartOffset="1667"/>
</Header>
<LocList>
<Loc EndOffset="1911" SrcFileId="5" StartOffset="1667"/>
</LocList>
<StmntSeq Intrnl_Id="233">
<LocList>
<Loc EndOffset="1771" SrcFileId="5" StartOffset="1698"/>
<Loc EndOffset="1795" SrcFileId="5" StartOffset="1775"/>
<Loc EndOffset="1831" SrcFileId="5" StartOffset="1809"/>
<Loc EndOffset="1890" SrcFileId="5" StartOffset="1799"/>
<Loc EndOffset="1907" SrcFileId="5" StartOffset="1894"/>
</LocList>
<BasicStmnt CovItemId="S27" CovItemPrefix="com.mloftus.mastermind.MastermindGame.java" Intrnl_Id="234">
<LocList>
<Loc EndOffset="1771" SrcFileId="5" StartOffset="1698"/>
</LocList>
</BasicStmnt>
<BasicStmnt CovItemId="S28" CovItemPrefix="com.mloftus.mastermind.MastermindGame.java" Intrnl_Id="235">
<LocList>
<Loc EndOffset="1795" SrcFileId="5" StartOffset="1775"/>
</LocList>
</BasicStmnt>
<BasicStmnt CovItemId="S30" CovItemPrefix="com.mloftus.mastermind.MastermindGame.java" Intrnl_Id="236">
<LocList>
<Loc EndOffset="1831" SrcFileId="5" StartOffset="1809"/>
</LocList>
</BasicStmnt>
<CondStmnt CovItemId="S29" CovItemPrefix="com.mloftus.mastermind.MastermindGame.java" Intrnl_Id="237">
<Branch CovItemId="B11" CovItemPrefix="com.mloftus.mastermind.MastermindGame.java" Implct="true" Intrnl_Id="238">
<Cond/>
<LocList/>
<StmntSeq Intrnl_Id="239">
<LocList/>
</StmntSeq>
</Branch>
<Branch CovItemId="B12" CovItemPrefix="com.mloftus.mastermind.MastermindGame.java" Implct="false" Intrnl_Id="240">
<Cond>
<Loc EndOffset="1858" SrcFileId="5" StartOffset="1837"/>
</Cond>
<LocList>
<Loc EndOffset="1890" SrcFileId="5" StartOffset="1859"/>
</LocList>
<StmntSeq Intrnl_Id="241">
<LocList>
<Loc EndOffset="1885" SrcFileId="5" StartOffset="1865"/>
</LocList>
<BasicStmnt CovItemId="S31" CovItemPrefix="com.mloftus.mastermind.MastermindGame.java" Intrnl_Id="242">
<LocList>
<Loc EndOffset="1885" SrcFileId="5" StartOffset="1865"/>
</LocList>
</BasicStmnt>
</StmntSeq>
</Branch>
<Keyword EndOffset="1802" SrcFileId="5" StartOffset="1799"/>
<LocList>
<Loc EndOffset="1890" SrcFileId="5" StartOffset="1799"/>
</LocList>
</CondStmnt>
<BasicStmnt CovItemId="S32" CovItemPrefix="com.mloftus.mastermind.MastermindGame.java" Intrnl_Id="243">
<LocList>
<Loc EndOffset="1907" SrcFileId="5" StartOffset="1894"/>
</LocList>
</BasicStmnt>
</StmntSeq>
</HierarchyLvl>
<HierarchyLvl HierarchyLvlId="431" HierarchyLvlTypeId="9" Intrnl_Id="244" Name="guessNotValid">
<Header>
<Loc EndOffset="1960" SrcFileId="5" StartOffset="1917"/>
</Header>
<LocList>
<Loc EndOffset="2004" SrcFileId="5" StartOffset="1917"/>
</LocList>
<StmntSeq Intrnl_Id="245">
<LocList>
<Loc EndOffset="2000" SrcFileId="5" StartOffset="1966"/>
</LocList>
<BasicStmnt CovItemId="S33" CovItemPrefix="com.mloftus.mastermind.MastermindGame.java" Intrnl_Id="246">
<LocList>
<Loc EndOffset="2000" SrcFileId="5" StartOffset="1966"/>
</LocList>
</BasicStmnt>
</StmntSeq>
</HierarchyLvl>
<HierarchyLvl HierarchyLvlId="432" HierarchyLvlTypeId="9" Intrnl_Id="247" Name="isWinningGuess">
<Header>
<Loc EndOffset="2053" SrcFileId="5" StartOffset="2009"/>
</Header>
<LocList>
<Loc EndOffset="2099" SrcFileId="5" StartOffset="2009"/>
</LocList>
<StmntSeq Intrnl_Id="248">
<LocList>
<Loc EndOffset="2095" SrcFileId="5" StartOffset="2059"/>
</LocList>
<BasicStmnt CovItemId="S34" CovItemPrefix="com.mloftus.mastermind.MastermindGame.java" Intrnl_Id="249">
<LocList>
<Loc EndOffset="2095" SrcFileId="5" StartOffset="2059"/>
</LocList>
</BasicStmnt>
</StmntSeq>
</HierarchyLvl>
<HierarchyLvl HierarchyLvlId="433" HierarchyLvlTypeId="9" Intrnl_Id="250" Name="ranOutOfGuesses">
<Header>
<Loc EndOffset="2137" SrcFileId="5" StartOffset="2104"/>
</Header>
<LocList>
<Loc EndOffset="2176" SrcFileId="5" StartOffset="2104"/>
</LocList>
<StmntSeq Intrnl_Id="251">
<LocList>
<Loc EndOffset="2172" SrcFileId="5" StartOffset="2143"/>
</LocList>
<BasicStmnt CovItemId="S35" CovItemPrefix="com.mloftus.mastermind.MastermindGame.java" Intrnl_Id="252">
<LocList>
<Loc EndOffset="2172" SrcFileId="5" StartOffset="2143"/>
</LocList>
</BasicStmnt>
</StmntSeq>
</HierarchyLvl>
<HierarchyLvl HierarchyLvlId="434" HierarchyLvlTypeId="9" Intrnl_Id="253" Name="printUsageMessage">
<Header>
<Loc EndOffset="2219" SrcFileId="5" StartOffset="2181"/>
</Header>
<LocList>
<Loc EndOffset="2268" SrcFileId="5" StartOffset="2181"/>
</LocList>
<StmntSeq Intrnl_Id="254">
<LocList>
<Loc EndOffset="2264" SrcFileId="5" StartOffset="2225"/>
</LocList>
<BasicStmnt CovItemId="S36" CovItemPrefix="com.mloftus.mastermind.MastermindGame.java" Intrnl_Id="255">
<LocList>
<Loc EndOffset="2264" SrcFileId="5" StartOffset="2225"/>
</LocList>
</BasicStmnt>
</StmntSeq>
</HierarchyLvl>
</HierarchyLvl>
</HierarchyLvl>
</HierarchyLvl>
</HierarchyLvl>
</HierarchyLvl>
</MASTRoot>
</TestSessionContainer>
